Using pre-set license
Built from '2021.3/staging' branch; Version is '2021.3.11f1 (0a5ca18544bf) revision 679073'; Using compiler version '192829333'; Build Type 'Release'
OS: 'Windows 10  (10.0.19045) 64bit Professional' Language: 'en' Physical Memory: 31894 MB
BatchMode: 1, IsHumanControllingUs: 0, StartBugReporterOnCrash: 0, Is64bit: 1, IsPro: 1

COMMAND LINE ARGUMENTS:
C:\Program Files\Unity\Hub\Editor\2021.3.11f1\Editor\Unity.exe
-adb2
-batchMode
-noUpm
-name
AssetImportWorker3
-projectPath
C:/Users/Miguel/Desktop/trpg
-logFile
Logs/AssetImportWorker3.log
-srvPort
61920
Successfully changed project path to: C:/Users/Miguel/Desktop/trpg
C:/Users/Miguel/Desktop/trpg
[UnityMemory] Configuration Parameters - Can be set up in boot.config
    "memorysetup-bucket-allocator-granularity=16"
    "memorysetup-bucket-allocator-bucket-count=8"
    "memorysetup-bucket-allocator-block-size=33554432"
    "memorysetup-bucket-allocator-block-count=8"
    "memorysetup-main-allocator-block-size=16777216"
    "memorysetup-thread-allocator-block-size=16777216"
    "memorysetup-gfx-main-allocator-block-size=16777216"
    "memorysetup-gfx-thread-allocator-block-size=16777216"
    "memorysetup-cache-allocator-block-size=4194304"
    "memorysetup-typetree-allocator-block-size=2097152"
    "memorysetup-profiler-bucket-allocator-granularity=16"
    "memorysetup-profiler-bucket-allocator-bucket-count=8"
    "memorysetup-profiler-bucket-allocator-block-size=33554432"
    "memorysetup-profiler-bucket-allocator-block-count=8"
    "memorysetup-profiler-allocator-block-size=16777216"
    "memorysetup-profiler-editor-allocator-block-size=1048576"
    "memorysetup-temp-allocator-size-main=16777216"
    "memorysetup-job-temp-allocator-block-size=2097152"
    "memorysetup-job-temp-allocator-block-size-background=1048576"
    "memorysetup-job-temp-allocator-reduction-small-platforms=262144"
    "memorysetup-temp-allocator-size-background-worker=32768"
    "memorysetup-temp-allocator-size-job-worker=262144"
    "memorysetup-temp-allocator-size-preload-manager=33554432"
    "memorysetup-temp-allocator-size-nav-mesh-worker=65536"
    "memorysetup-temp-allocator-size-audio-worker=65536"
    "memorysetup-temp-allocator-size-cloud-worker=32768"
    "memorysetup-temp-allocator-size-gi-baking-worker=262144"
    "memorysetup-temp-allocator-size-gfx=262144"
Refreshing native plugins compatible for Editor in 40.40 ms, found 3 plugins.
Preloading 0 native plugins for Editor in 0.00 ms.
Initialize engine version: 2021.3.11f1 (0a5ca18544bf)
[Subsystems] Discovering subsystems at path C:/Program Files/Unity/Hub/Editor/2021.3.11f1/Editor/Data/Resources/UnitySubsystems
[Subsystems] Discovering subsystems at path C:/Users/Miguel/Desktop/trpg/Assets
GfxDevice: creating device client; threaded=0; jobified=0
Direct3D:
    Version:  Direct3D 11.0 [level 11.1]
    Renderer: NVIDIA GeForce GTX 1060 3GB (ID=0x1c02)
    Vendor:   NVIDIA
    VRAM:     2979 MB
    Driver:   31.0.15.3623
Initialize mono
Mono path[0] = 'C:/Program Files/Unity/Hub/Editor/2021.3.11f1/Editor/Data/Managed'
Mono path[1] = 'C:/Program Files/Unity/Hub/Editor/2021.3.11f1/Editor/Data/MonoBleedingEdge/lib/mono/unityjit-win32'
Mono config path = 'C:/Program Files/Unity/Hub/Editor/2021.3.11f1/Editor/Data/MonoBleedingEdge/etc'
Using monoOptions --debugger-agent=transport=dt_socket,embedding=1,server=y,suspend=n,address=127.0.0.1:56532
Begin MonoManager ReloadAssembly
Registering precompiled unity dll's ...
Register platform support module: C:/Program Files/Unity/Hub/Editor/2021.3.11f1/Editor/Data/PlaybackEngines/WindowsStandaloneSupport/UnityEditor.WindowsStandalone.Extensions.dll
Registered in 0.004204 seconds.
Native extension for WindowsStandalone target not found
Refreshing native plugins compatible for Editor in 41.16 ms, found 3 plugins.
Preloading 0 native plugins for Editor in 0.00 ms.
Mono: successfully reloaded assembly
- Completed reload, in  0.334 seconds
Domain Reload Profiling:
	ReloadAssembly (334ms)
		BeginReloadAssembly (41ms)
			ExecutionOrderSort (0ms)
			DisableScriptedObjects (0ms)
			BackupInstance (0ms)
			ReleaseScriptingObjects (0ms)
			CreateAndSetChildDomain (1ms)
		EndReloadAssembly (232ms)
			LoadAssemblies (39ms)
			RebuildTransferFunctionScriptingTraits (0ms)
			SetupTypeCache (54ms)
			ReleaseScriptCaches (0ms)
			RebuildScriptCaches (14ms)
			SetupLoadedEditorAssemblies (136ms)
				LogAssemblyErrors (0ms)
				InitializePlatformSupportModulesInManaged (5ms)
				SetLoadedEditorAssemblies (0ms)
				RefreshPlugins (41ms)
				BeforeProcessingInitializeOnLoad (1ms)
				ProcessInitializeOnLoadAttributes (65ms)
				ProcessInitializeOnLoadMethodAttributes (24ms)
				AfterProcessingInitializeOnLoad (0ms)
				EditorAssembliesLoaded (0ms)
			ExecutionOrderSort2 (0ms)
			AwakeInstancesAfterBackupRestoration (0ms)
Platform modules already initialized, skipping
Registering precompiled user dll's ...
Registered in 0.002870 seconds.
Begin MonoManager ReloadAssembly
Native extension for WindowsStandalone target not found
Refreshing native plugins compatible for Editor in 0.50 ms, found 3 plugins.
Preloading 0 native plugins for Editor in 0.00 ms.
Mono: successfully reloaded assembly
- Completed reload, in  0.516 seconds
Domain Reload Profiling:
	ReloadAssembly (517ms)
		BeginReloadAssembly (61ms)
			ExecutionOrderSort (0ms)
			DisableScriptedObjects (3ms)
			BackupInstance (0ms)
			ReleaseScriptingObjects (0ms)
			CreateAndSetChildDomain (13ms)
		EndReloadAssembly (395ms)
			LoadAssemblies (45ms)
			RebuildTransferFunctionScriptingTraits (0ms)
			SetupTypeCache (117ms)
			ReleaseScriptCaches (1ms)
			RebuildScriptCaches (27ms)
			SetupLoadedEditorAssemblies (185ms)
				LogAssemblyErrors (0ms)
				InitializePlatformSupportModulesInManaged (3ms)
				SetLoadedEditorAssemblies (0ms)
				RefreshPlugins (1ms)
				BeforeProcessingInitializeOnLoad (44ms)
				ProcessInitializeOnLoadAttributes (116ms)
				ProcessInitializeOnLoadMethodAttributes (15ms)
				AfterProcessingInitializeOnLoad (5ms)
				EditorAssembliesLoaded (0ms)
			ExecutionOrderSort2 (0ms)
			AwakeInstancesAfterBackupRestoration (3ms)
Platform modules already initialized, skipping
========================================================================
Worker process is ready to serve import requests
Launched and connected shader compiler UnityShaderCompiler.exe after 0.02 seconds
Refreshing native plugins compatible for Editor in 0.48 ms, found 3 plugins.
Preloading 0 native plugins for Editor in 0.00 ms.
Unloading 3430 Unused Serialized files (Serialized files now loaded: 0)
Unloading 24 unused Assets / (56.5 KB). Loaded Objects now: 3893.
Memory consumption went from 116.2 MB to 116.2 MB.
Total: 1.860600 ms (FindLiveObjects: 0.161100 ms CreateObjectMapping: 0.041600 ms MarkObjects: 1.605100 ms  DeleteObjects: 0.052300 ms)

AssetImportParameters requested are different than current active one (requested -> active):
  custom:video-decoder-ogg-theora: a1e56fd34408186e4bbccfd4996cb3dc -> 
  custom:container-muxer-webm: aa71ff27fc2769a1b78a27578f13a17b -> 
  custom:container-demuxer-webm: 4f35f7cbe854078d1ac9338744f61a02 -> 
  custom:video-encoder-webm-vp8: eb34c28f22e8b96e1ab97ce403110664 -> 
  custom:audio-encoder-webm-vorbis: bf7c407c2cedff20999df2af8eb42d56 -> 
  custom:framework-win-MediaFoundation: 216162199b28c13a410421893ffa2e32 -> 
  custom:container-demuxer-ogg: 62fdf1f143b41e24485cea50d1cbac27 -> 
  custom:video-decoder-webm-vp8: 9c59270c3fd7afecdb556c50c9e8de78 -> 
  custom:audio-decoder-ogg-vorbis: bf7c407c2cedff20999df2af8eb42d56 -> 
========================================================================
Received Prepare
Registering precompiled user dll's ...
Registered in 0.002697 seconds.
Begin MonoManager ReloadAssembly
Native extension for WindowsStandalone target not found
Refreshing native plugins compatible for Editor in 1.19 ms, found 3 plugins.
Preloading 0 native plugins for Editor in 0.00 ms.
Mono: successfully reloaded assembly
- Completed reload, in  0.615 seconds
Domain Reload Profiling:
	ReloadAssembly (616ms)
		BeginReloadAssembly (94ms)
			ExecutionOrderSort (0ms)
			DisableScriptedObjects (5ms)
			BackupInstance (0ms)
			ReleaseScriptingObjects (0ms)
			CreateAndSetChildDomain (27ms)
		EndReloadAssembly (457ms)
			LoadAssemblies (49ms)
			RebuildTransferFunctionScriptingTraits (0ms)
			SetupTypeCache (131ms)
			ReleaseScriptCaches (1ms)
			RebuildScriptCaches (27ms)
			SetupLoadedEditorAssemblies (225ms)
				LogAssemblyErrors (0ms)
				InitializePlatformSupportModulesInManaged (9ms)
				SetLoadedEditorAssemblies (0ms)
				RefreshPlugins (1ms)
				BeforeProcessingInitializeOnLoad (40ms)
				ProcessInitializeOnLoadAttributes (149ms)
				ProcessInitializeOnLoadMethodAttributes (18ms)
				AfterProcessingInitializeOnLoad (6ms)
				EditorAssembliesLoaded (0ms)
			ExecutionOrderSort2 (0ms)
			AwakeInstancesAfterBackupRestoration (4ms)
Platform modules already initialized, skipping
Refreshing native plugins compatible for Editor in 1.34 ms, found 3 plugins.
Preloading 0 native plugins for Editor in 0.00 ms.
Unloading 3424 Unused Serialized files (Serialized files now loaded: 0)
Unloading 17 unused Assets / (24.7 KB). Loaded Objects now: 3896.
Memory consumption went from 116.1 MB to 116.0 MB.
Total: 1.875200 ms (FindLiveObjects: 0.200300 ms CreateObjectMapping: 0.038900 ms MarkObjects: 1.619600 ms  DeleteObjects: 0.015800 ms)

AssetImportParameters requested are different than current active one (requested -> active):
  custom:video-decoder-ogg-theora: a1e56fd34408186e4bbccfd4996cb3dc -> 
  custom:container-muxer-webm: aa71ff27fc2769a1b78a27578f13a17b -> 
  custom:container-demuxer-webm: 4f35f7cbe854078d1ac9338744f61a02 -> 
  custom:video-encoder-webm-vp8: eb34c28f22e8b96e1ab97ce403110664 -> 
  custom:audio-encoder-webm-vorbis: bf7c407c2cedff20999df2af8eb42d56 -> 
  custom:framework-win-MediaFoundation: 216162199b28c13a410421893ffa2e32 -> 
  custom:container-demuxer-ogg: 62fdf1f143b41e24485cea50d1cbac27 -> 
  custom:video-decoder-webm-vp8: 9c59270c3fd7afecdb556c50c9e8de78 -> 
  custom:audio-decoder-ogg-vorbis: bf7c407c2cedff20999df2af8eb42d56 -> 
========================================================================
Received Import Request.
  Time since last request: 945631.307306 seconds.
  path: Assets/Resources/Abilities/Integrated Weapons/Blind.prefab
  artifactKey: Guid(ffe9d6033d1111145a1e34cfc33d5c2c) Importer(815301076,1909f56bfc062723c751e8b465ee728b)
Start importing Assets/Resources/Abilities/Integrated Weapons/Blind.prefab using Guid(ffe9d6033d1111145a1e34cfc33d5c2c) Importer(815301076,1909f56bfc062723c751e8b465ee728b)  -> (artifact id: '944e1366618f7158857dc605238ec14f') in 0.043470 seconds 
========================================================================
Received Import Request.
  Time since last request: 3.164489 seconds.
  path: Assets/Resources/Abilities/ESP/Refresh.prefab
  artifactKey: Guid(9d56df952c98f424dbfb12371e58affa) Importer(815301076,1909f56bfc062723c751e8b465ee728b)
Start importing Assets/Resources/Abilities/ESP/Refresh.prefab using Guid(9d56df952c98f424dbfb12371e58affa) Importer(815301076,1909f56bfc062723c751e8b465ee728b)  -> (artifact id: '1bfadf5d821ce728fa85a09532485dd6') in 0.008655 seconds 
========================================================================
Received Import Request.
  Time since last request: 0.519189 seconds.
  path: Assets/Resources/Abilities/Common/Melee.prefab
  artifactKey: Guid(29c025cdb1686c84ea68a757610a1f7c) Importer(815301076,1909f56bfc062723c751e8b465ee728b)
Start importing Assets/Resources/Abilities/Common/Melee.prefab using Guid(29c025cdb1686c84ea68a757610a1f7c) Importer(815301076,1909f56bfc062723c751e8b465ee728b)  -> (artifact id: '42599f75613656c1d6e01b240fd6ec3a') in 0.007481 seconds 
========================================================================
Received Import Request.
  Time since last request: 2.479994 seconds.
  path: Assets/Resources/Abilities/Sagacity Skill/Slow.prefab
  artifactKey: Guid(677c42095ba34e240bcc2856565d25ee) Importer(815301076,1909f56bfc062723c751e8b465ee728b)
Start importing Assets/Resources/Abilities/Sagacity Skill/Slow.prefab using Guid(677c42095ba34e240bcc2856565d25ee) Importer(815301076,1909f56bfc062723c751e8b465ee728b)  -> (artifact id: '86a9bec81ca997b0623e11c2ff2a3c9f') in 0.008565 seconds 
========================================================================
Received Import Request.
  Time since last request: 226.614550 seconds.
  path: Assets/Resources/Attack Pattern/Rogue Attack Pattern.prefab
  artifactKey: Guid(5f577226dedbe4988a4896a0f588363b) Importer(815301076,1909f56bfc062723c751e8b465ee728b)
Start importing Assets/Resources/Attack Pattern/Rogue Attack Pattern.prefab using Guid(5f577226dedbe4988a4896a0f588363b) Importer(815301076,1909f56bfc062723c751e8b465ee728b)  -> (artifact id: '685d039f1a9f41220b2078c9d74322f1') in 0.009169 seconds 
========================================================================
Received Import Request.
  Time since last request: 0.000013 seconds.
  path: Assets/Resources/Attack Pattern/Warrior Attack Pattern.prefab
  artifactKey: Guid(eb72b6d2a46234109abf0627ac606370) Importer(815301076,1909f56bfc062723c751e8b465ee728b)
Start importing Assets/Resources/Attack Pattern/Warrior Attack Pattern.prefab using Guid(eb72b6d2a46234109abf0627ac606370) Importer(815301076,1909f56bfc062723c751e8b465ee728b)  -> (artifact id: '0fea1f59b965d2eeb8a14cfdea923571') in 0.008268 seconds 
========================================================================
Received Import Request.
  Time since last request: 326.584394 seconds.
  path: Assets/Resources/Conversations/OutroSceneLose.asset
  artifactKey: Guid(fc3d06e14981c459995ea8fc62dc3345) Importer(815301076,1909f56bfc062723c751e8b465ee728b)
Start importing Assets/Resources/Conversations/OutroSceneLose.asset using Guid(fc3d06e14981c459995ea8fc62dc3345) Importer(815301076,1909f56bfc062723c751e8b465ee728b)  -> (artifact id: '13e190fd8eea43126d7bd974710517ba') in 0.007269 seconds 
========================================================================
Received Import Request.
  Time since last request: 0.000020 seconds.
  path: Assets/Resources/Conversations/OutroSceneWin.asset
  artifactKey: Guid(d0b0de7a5f11b4d66957814455221eda) Importer(815301076,1909f56bfc062723c751e8b465ee728b)
Start importing Assets/Resources/Conversations/OutroSceneWin.asset using Guid(d0b0de7a5f11b4d66957814455221eda) Importer(815301076,1909f56bfc062723c751e8b465ee728b)  -> (artifact id: '48d4dbf32bee4b2577dd2739dcda1e77') in 0.006262 seconds 
========================================================================
Received Import Request.
  Time since last request: 0.885120 seconds.
  path: Assets/Resources/Jobs/Enemy Critter.prefab
  artifactKey: Guid(69725fe6ad171094991ca8f3895f8cac) Importer(815301076,1909f56bfc062723c751e8b465ee728b)
Start importing Assets/Resources/Jobs/Enemy Critter.prefab using Guid(69725fe6ad171094991ca8f3895f8cac) Importer(815301076,1909f56bfc062723c751e8b465ee728b)  -> (artifact id: '75a5f227ebffccc02d99d0ebbdf9f346') in 0.006566 seconds 
========================================================================
Received Import Request.
  Time since last request: 0.000015 seconds.
  path: Assets/Resources/Jobs/Warrior.prefab
  artifactKey: Guid(cce7977e5cd2e0e449ac7d8a74ad5911) Importer(815301076,1909f56bfc062723c751e8b465ee728b)
Start importing Assets/Resources/Jobs/Warrior.prefab using Guid(cce7977e5cd2e0e449ac7d8a74ad5911) Importer(815301076,1909f56bfc062723c751e8b465ee728b)  -> (artifact id: 'b5450f3773dd49dc809877cd7a3ef963') in 0.008941 seconds 
========================================================================
Received Import Request.
  Time since last request: 0.000013 seconds.
  path: Assets/Resources/Jobs/Rogue.prefab
  artifactKey: Guid(95e8248eb0937c94b8c6d13f22a3ee2b) Importer(815301076,1909f56bfc062723c751e8b465ee728b)
Start importing Assets/Resources/Jobs/Rogue.prefab using Guid(95e8248eb0937c94b8c6d13f22a3ee2b) Importer(815301076,1909f56bfc062723c751e8b465ee728b)  -> (artifact id: 'e76f37d00e72261e86525b405a7bc9fa') in 0.007224 seconds 
========================================================================
Received Import Request.
  Time since last request: 0.606378 seconds.
  path: Assets/Resources/Levels/Level_0.asset
  artifactKey: Guid(1db812f2ce6b14599b4f1358e4d98fc9) Importer(815301076,1909f56bfc062723c751e8b465ee728b)
Start importing Assets/Resources/Levels/Level_0.asset using Guid(1db812f2ce6b14599b4f1358e4d98fc9) Importer(815301076,1909f56bfc062723c751e8b465ee728b)  -> (artifact id: 'e79b51d49f44e219d8ccd4f19d82a4f3') in 0.006529 seconds 
========================================================================
Received Import Request.
  Time since last request: 0.000012 seconds.
  path: Assets/Resources/Levels/Level_2.asset
  artifactKey: Guid(6b2f1e469db8048d799301dcfe069e27) Importer(815301076,1909f56bfc062723c751e8b465ee728b)
Start importing Assets/Resources/Levels/Level_2.asset using Guid(6b2f1e469db8048d799301dcfe069e27) Importer(815301076,1909f56bfc062723c751e8b465ee728b)  -> (artifact id: '3dc2d2bf22bee17e178cebb15d2de854') in 0.006568 seconds 
========================================================================
Received Import Request.
  Time since last request: 0.573394 seconds.
  path: Assets/Resources/Unit Recipes/Enemy Critter.asset
  artifactKey: Guid(6fbdc1c1d3dc64d26b6a9f5c03eb6d5c) Importer(815301076,1909f56bfc062723c751e8b465ee728b)
Start importing Assets/Resources/Unit Recipes/Enemy Critter.asset using Guid(6fbdc1c1d3dc64d26b6a9f5c03eb6d5c) Importer(815301076,1909f56bfc062723c751e8b465ee728b)  -> (artifact id: '24f6c951b5f3a3e7b4df2354c448c29a') in 0.001922 seconds 
========================================================================
Received Import Request.
  Time since last request: 0.000010 seconds.
  path: Assets/Resources/Unit Recipes/Flying Critter.asset
  artifactKey: Guid(390130da34d1b47a5954afce44ae035e) Importer(815301076,1909f56bfc062723c751e8b465ee728b)
Start importing Assets/Resources/Unit Recipes/Flying Critter.asset using Guid(390130da34d1b47a5954afce44ae035e) Importer(815301076,1909f56bfc062723c751e8b465ee728b)  -> (artifact id: '2ba74c51fd86e74b617b26a84d5568e0') in 0.001554 seconds 
========================================================================
Received Import Request.
  Time since last request: 0.000009 seconds.
  path: Assets/Resources/Unit Recipes/Tetrioth.asset
  artifactKey: Guid(824b71227f5af4f7ebb73d5ec8d9d762) Importer(815301076,1909f56bfc062723c751e8b465ee728b)
Start importing Assets/Resources/Unit Recipes/Tetrioth.asset using Guid(824b71227f5af4f7ebb73d5ec8d9d762) Importer(815301076,1909f56bfc062723c751e8b465ee728b)  -> (artifact id: '22dd332ad996ac89dd8258bd55e9c03e') in 0.001994 seconds 
Editor requested this worker to shutdown with reason: Scaling down because of idle timeout
AssetImportWorker is now disconnected from the server
Process exiting
Exiting without the bug reporter. Application will terminate with return code 0